<?xml version="1.0" encoding="UTF-8"?>
<!-- Generated by org.testng.reporters.JUnitXMLReporter -->
<testsuite ignored="0" hostname="Jintu" failures="0" tests="4" name="Test" time="0.079" errors="0" timestamp="2022-03-30T10:01:48 IST">
  <testcase classname="testNGExtent.TestNGGrouping" name="tc01" time="0.011"/>
  <testcase classname="testNGExtent.TestNGGrouping" name="tc02" time="0.001"/>
  <testcase classname="testNGExtent.TestNGGrouping" name="tc03" time="0.001"/>
  <testcase classname="testNGExtent.TestNGGrouping" name="tc04" time="0.001"/>
</testsuite> <!-- Test -->
